
Showing logs for build [32mcb-kubecd-environment-pr-208-53-wdgq4-1[0m stage [32mfrom-build-pack[0m and container [32mstep-credential-initializer-nhwb4[0m
{"level":"info","ts":1587710386.6593525,"logger":"fallback-logger","caller":"logging/config.go:69","msg":"Fetch GitHub commit ID from kodata failed: open /var/run/ko/refs/heads/0.8.0-ns-support: no such file or directory"}
{"level":"info","ts":1587710386.6598668,"logger":"fallback-logger","caller":"creds-init/main.go:40","msg":"Credentials initialized."}

Showing logs for build [32mcb-kubecd-environment-pr-208-53-wdgq4-1[0m stage [32mfrom-build-pack[0m and container [32mstep-working-dir-initializer-f45r9[0m
{"level":"info","ts":1587710387.2776194,"logger":"fallback-logger","caller":"logging/config.go:69","msg":"Fetch GitHub commit ID from kodata failed: open /var/run/ko/HEAD: no such file or directory"}
{"level":"info","ts":1587710387.2796762,"logger":"fallback-logger","caller":"bash/main.go:64","msg":"Successfully executed command \"sh -c mkdir -p /workspace/source\"; output "}

Showing logs for build [32mcb-kubecd-environment-pr-208-53-wdgq4-1[0m stage [32mfrom-build-pack[0m and container [32mstep-place-tools[0m

Showing logs for build [32mcb-kubecd-environment-pr-208-53-wdgq4-1[0m stage [32mfrom-build-pack[0m and container [32mstep-git-source-cb-kubecd-environment-pr-208-53-wdgq4-pzrb2[0m
{"level":"info","ts":1587710391.3334968,"logger":"fallback-logger","caller":"logging/config.go:69","msg":"Fetch GitHub commit ID from kodata failed: open /var/run/ko/refs/heads/0.8.0-ns-support: no such file or directory"}
{"level":"info","ts":1587710392.3884645,"logger":"fallback-logger","caller":"git/git.go:103","msg":"Successfully cloned https://github.com/cb-kubecd/environment-pr-208-53-boot-gke-production.git @ master in path /workspace/source"}

Showing logs for build [32mcb-kubecd-environment-pr-208-53-wdgq4-1[0m stage [32mfrom-build-pack[0m and container [32mstep-git-merge[0m
Using SHAs from PULL_REFS=master:451305e7da1304cdcfb000e30c08b702af55b721,1:60234c6b846d3926cf991678763b727ea8f2a9ca
DEBUG: LC_ALL=C JX_LOG_LEVEL=error git fetch origin --unshallow 60234c6b846d3926cf991678763b727ea8f2a9ca: 451305e7da1304cdcfb000e30c08b702af55b721:
DEBUG: ran git fetch --unshallow origin 60234c6b846d3926cf991678763b727ea8f2a9ca: 451305e7da1304cdcfb000e30c08b702af55b721: in 
DEBUG: LC_ALL=C JX_LOG_LEVEL=error git branch
DEBUG: LC_ALL=C JX_LOG_LEVEL=error git checkout master
DEBUG: ran git checkout master in 
DEBUG: JX_LOG_LEVEL=error LC_ALL=C git reset --hard 451305e7da1304cdcfb000e30c08b702af55b721
DEBUG: ran git reset --hard 451305e7da1304cdcfb000e30c08b702af55b721 in 
DEBUG: LC_ALL=C JX_LOG_LEVEL=error git clean -fd .
DEBUG: ran clean --force -d . in 
DEBUG: LC_ALL=C JX_LOG_LEVEL=error git merge 60234c6b846d3926cf991678763b727ea8f2a9ca
DEBUG: ran git merge 60234c6b846d3926cf991678763b727ea8f2a9ca in 
DEBUG: LC_ALL=C JX_LOG_LEVEL=error git log --format=%H%x1f%an%x1f%ae%x1f%cn%x1f%ce%x1f%s%n%b%x1e 451305e7da1304cdcfb000e30c08b702af55b721..HEAD
Merged SHA 60234c6b846d3926cf991678763b727ea8f2a9ca with commit message 'chore: Promote bdd-spring-1587709464 to version 0.0.1' into base branch master

Showing logs for build [32mcb-kubecd-environment-pr-208-53-wdgq4-1[0m stage [32mfrom-build-pack[0m and container [32mstep-build-helm-build[0m
WARNING: No $CHART_REPOSITORY defined so using the default value of: http://jenkins-x-chartmuseum:8080
Adding missing Helm repo: storage.googleapis.com https://storage.googleapis.com/chartmuseum.jenkins-x.io
WARNING: No secrets found on "helm/repos" due: reading the secret "helm/repos" from vault: no secret "helm/repos" not found in vault
Read credentials for https://storage.googleapis.com/chartmuseum.jenkins-x.io from vault helm/repos
Successfully added Helm repository storage.googleapis.com.
Adding missing Helm repo: jenkins-x-chartmuseum http://jenkins-x-chartmuseum:8080
WARNING: No secrets found on "helm/repos" due: reading the secret "helm/repos" from vault: no secret "helm/repos" not found in vault
Read credentials for http://jenkins-x-chartmuseum:8080 from vault helm/repos
Successfully added Helm repository jenkins-x-chartmuseum.
WARNING: No $CHART_REPOSITORY defined so using the default value of: http://jenkins-x-chartmuseum:8080
Adding missing Helm repo: chartmuseum.jenkins-x.io http://chartmuseum.jenkins-x.io
WARNING: No secrets found on "helm/repos" due: reading the secret "helm/repos" from vault: no secret "helm/repos" not found in vault
Read credentials for http://chartmuseum.jenkins-x.io from vault helm/repos
Successfully added Helm repository chartmuseum.jenkins-x.io.
